Building DAG of jobs...
Using shell: /usr/bin/bash
Provided cluster nodes: 100
Job stats:
job                     count
--------------------  -------
all                         1
repair                      1
repair_decompression        1
total                       3

Select jobs to execute...

[Fri May 23 17:02:27 2025]
rule repair:
    input: /blue/boucher/share/Pizze_Chili/real/einstein.en.txt, /blue/boucher/rvarki/Testing/repair/repair
    output: sequences/repair/Pizze_Chili/real/einstein.en.txt.R, sequences/repair/Pizze_Chili/real/einstein.en.txt.C
    log: logs/repair/Pizze_Chili/real/einstein.en.txt.repair.log
    jobid: 1
    benchmark: benchmarks/repair/Pizze_Chili/real/einstein.en.txt.repair.compress.benchmark.txt
    reason: Missing output files: sequences/repair/Pizze_Chili/real/einstein.en.txt.C, sequences/repair/Pizze_Chili/real/einstein.en.txt.R; Updated input files: /blue/boucher/share/Pizze_Chili/real/einstein.en.txt
    wildcards: dataset=real, sequence=einstein.en.txt
    resources: mem_mb=1000, mem_mib=954, disk_mb=1000, disk_mib=954, tmpdir=<TBD>

Submitted job 1 with external jobid 'Submitted batch job 3400940'.
[Fri May 23 17:03:57 2025]
Error in rule repair:
    jobid: 1
    input: /blue/boucher/share/Pizze_Chili/real/einstein.en.txt, /blue/boucher/rvarki/Testing/repair/repair
    output: sequences/repair/Pizze_Chili/real/einstein.en.txt.R, sequences/repair/Pizze_Chili/real/einstein.en.txt.C
    log: logs/repair/Pizze_Chili/real/einstein.en.txt.repair.log (check log file(s) for error details)
    shell:
        
        mkdir -p $(dirname sequences/repair/Pizze_Chili/real/einstein.en.txt.R)
        ln -s /blue/boucher/share/Pizze_Chili/real/einstein.en.txt $(dirname sequences/repair/Pizze_Chili/real/einstein.en.txt.R)
        (
        /blue/boucher/rvarki/Testing/repair/repair $(dirname sequences/repair/Pizze_Chili/real/einstein.en.txt.R)/$(basename /blue/boucher/share/Pizze_Chili/real/einstein.en.txt)
        ) > logs/repair/Pizze_Chili/real/einstein.en.txt.repair.log 2>&1
        
        (one of the commands exited with non-zero exit code; note that snakemake uses bash strict mode!)
    cluster_jobid: Submitted batch job 3400940

Error executing rule repair on cluster (jobid: 1, external: Submitted batch job 3400940, jobscript: /blue/boucher/rvarki/alan_analysis/.snakemake/tmp.e6a2wnxj/snakejob.repair.1.sh). For error details see the cluster log and the log files of the involved rule(s).
Shutting down, this might take some time.
Exiting because a job execution failed. Look above for error message
Complete log: ../Testing/CDAWG_Tests/repair_experiment/Pizze_Chili/.snakemake/log/2025-05-23T170226.815307.snakemake.log
