Building DAG of jobs...
Using shell: /usr/bin/bash
Provided cluster nodes: 100
Job stats:
job                     count
--------------------  -------
all                         1
repair                      1
repair_decompression        1
total                       3

Select jobs to execute...

[Fri May 23 16:21:01 2025]
rule repair:
    input: /blue/boucher/share/Pizze_Chili/real/einstein.en.txt, /blue/boucher/rvarki/Testing/repair/repair
    output: sequences/repair/Pizze_Chili/real/einstein.en.txt.R, sequences/repair/Pizze_Chili/real/einstein.en.txt.C
    jobid: 1
    benchmark: benchmarks/repair/Pizze_Chili/real/einstein.en.txt.repair.compress.benchmark.txt
    reason: Missing output files: sequences/repair/Pizze_Chili/real/einstein.en.txt.R, sequences/repair/Pizze_Chili/real/einstein.en.txt.C
    wildcards: dataset=real, sequence=einstein.en.txt
    resources: mem_mb=1000, mem_mib=954, disk_mb=1000, disk_mib=954, tmpdir=<TBD>

RuleException in rule repair in file /blue/boucher/rvarki/Testing/CDAWG_Tests/repair_experiment/Pizze_Chili/Snakefile, line 17:
AttributeError: 'Wildcards' object has no attribute 'out', when formatting the following:
sbatch -A {cluster.account} -q {cluster.qos} -c {cluster.cpus-per-task} -N {cluster.Nodes}  -t {cluster.runtime} --mem {cluster.mem} -J {cluster.jobname} --mail-type={cluster.mail_type} --mail-user={cluster.mail} --output {cluster.out} --partition {cluster.specificPartition}
