Building DAG of jobs...
Using shell: /usr/bin/bash
Provided cluster nodes: 100
Job stats:
job                     count
--------------------  -------
all                         1
repair                      1
repair_decompression        1
total                       3

Select jobs to execute...

[Fri May 23 17:05:35 2025]
rule repair:
    input: /blue/boucher/share/Pizze_Chili/real/einstein.en.txt, /blue/boucher/rvarki/Testing/repair/repair
    output: sequences/repair/Pizze_Chili/real/einstein.en.txt.R, sequences/repair/Pizze_Chili/real/einstein.en.txt.C
    log: logs/repair/Pizze_Chili/real/einstein.en.txt.repair.log
    jobid: 1
    benchmark: benchmarks/repair/Pizze_Chili/real/einstein.en.txt.repair.compress.benchmark.txt
    reason: Missing output files: sequences/repair/Pizze_Chili/real/einstein.en.txt.C, sequences/repair/Pizze_Chili/real/einstein.en.txt.R; Updated input files: /blue/boucher/share/Pizze_Chili/real/einstein.en.txt
    wildcards: dataset=real, sequence=einstein.en.txt
    resources: mem_mb=1000, mem_mib=954, disk_mb=1000, disk_mib=954, tmpdir=<TBD>

Submitted job 1 with external jobid 'Submitted batch job 3401450'.
[Fri May 23 17:09:15 2025]
Finished job 1.
1 of 3 steps (33%) done
Select jobs to execute...

[Fri May 23 17:09:15 2025]
rule repair_decompression:
    input: sequences/repair/Pizze_Chili/real/einstein.en.txt.R, sequences/repair/Pizze_Chili/real/einstein.en.txt.C, /blue/boucher/rvarki/Testing/repair/despair
    output: sequences/repair/Pizze_Chili/real/einstein.en.txt.out
    log: logs/repair/Pizze_Chili/real/einstein.en.txt.repair.decompress.log
    jobid: 2
    benchmark: benchmarks/repair/Pizze_Chili/real/einstein.en.txt.repair.decompress.benchmark.txt
    reason: Missing output files: sequences/repair/Pizze_Chili/real/einstein.en.txt.out; Input files updated by another job: sequences/repair/Pizze_Chili/real/einstein.en.txt.C, sequences/repair/Pizze_Chili/real/einstein.en.txt.R
    wildcards: dataset=real, sequence=einstein.en.txt
    resources: mem_mb=1000, mem_mib=954, disk_mb=1000, disk_mib=954, tmpdir=<TBD>

Submitted job 2 with external jobid 'Submitted batch job 3401857'.
[Fri May 23 17:10:47 2025]
Finished job 2.
2 of 3 steps (67%) done
Select jobs to execute...

[Fri May 23 17:10:47 2025]
localrule all:
    input: sequences/repair/Pizze_Chili/real/einstein.en.txt.R, sequences/repair/Pizze_Chili/real/einstein.en.txt.C, sequences/repair/Pizze_Chili/real/einstein.en.txt.out
    jobid: 0
    reason: Input files updated by another job: sequences/repair/Pizze_Chili/real/einstein.en.txt.C, sequences/repair/Pizze_Chili/real/einstein.en.txt.R, sequences/repair/Pizze_Chili/real/einstein.en.txt.out
    resources: mem_mb=1000, mem_mib=954, disk_mb=1000, disk_mib=954, tmpdir=/tmp

[Fri May 23 17:10:47 2025]
Finished job 0.
3 of 3 steps (100%) done
Complete log: ../Testing/CDAWG_Tests/repair_experiment/Pizze_Chili/.snakemake/log/2025-05-23T170535.011522.snakemake.log
